<?xml version="1.0" encoding="UTF-8"?>
<!-- Generated by org.testng.reporters.JUnitXMLReporter -->
<testsuite ignored="2" hostname="DESKTOP-M85GF2G" failures="0" tests="1" name="Page Object Model Project" time="28.528" errors="0" timestamp="2019-12-31T12:10:14 IST">
  <testcase classname="TestCases.SubmitReviewTest" name="init" time="28.477"/>
  <testcase classname="TestCases.TestBase" name="@BeforeSuite initialize" time="0.0">
    <ignored/>
  </testcase> <!-- @BeforeSuite initialize -->
  <testcase classname="TestCases.TestBase" name="@AfterSuite TeardownTest" time="0.0">
    <ignored/>
  </testcase> <!-- @AfterSuite TeardownTest -->
</testsuite> <!-- Page Object Model Project -->
