<?xml version="1.0" encoding="UTF-8"?>
<!-- Generated by org.testng.reporters.JUnitXMLReporter -->
<testsuite ignored="2" hostname="DESKTOP-M85GF2G" failures="1" tests="1" name="Page Object Model Project" time="22.944" errors="0" timestamp="2019-12-31T10:08:19 IST">
  <testcase classname="Test.SelectPriceValue" name="init" time="22.884">
    <failure type="java.lang.NumberFormatException" message="For input string: &amp;quot;51,900&amp;quot;">
      <![CDATA[java.lang.NumberFormatException: For input string: "51,900"
at java.base/java.lang.NumberFormatException.forInputString(NumberFormatException.java:68)
at java.base/java.lang.Integer.parseInt(Integer.java:658)
at java.base/java.lang.Integer.parseInt(Integer.java:776)
at Pages.SearchIphonePrice.ComparePriceValue(SearchIphonePrice.java:61)
at Test.SelectPriceValue.init(SelectPriceValue.java:28)
at java.base/java.util.ArrayList.forEach(ArrayList.java:1540)
... Removed 27 stack frames]]>
    </failure>
  </testcase> <!-- init -->
  <testcase classname="Test.TestBase" name="@BeforeSuite initialize" time="0.0">
    <ignored/>
  </testcase> <!-- @BeforeSuite initialize -->
  <testcase classname="Test.TestBase" name="@AfterSuite TeardownTest" time="0.0">
    <ignored/>
  </testcase> <!-- @AfterSuite TeardownTest -->
</testsuite> <!-- Page Object Model Project -->
